<?xml version="1.0" encoding="UTF-8"?>
<!-- Generated by org.testng.reporters.JUnitReportReporter -->
<testsuite skipped="0" hostname="arkas-MacBook-Pro.local" name="com.GetMethodsRestAssured.qa.TestCase.GetMethodsRestAssuredTest" tests="3" failures="0" timestamp="02 Jun 2018 09:15:44 GMT" time="5.020" errors="0">
  <testcase name="GetStatusResponse" time="1.016" classname="com.GetMethodsRestAssured.qa.TestCase.GetMethodsRestAssuredTest"/>
  <testcase name="GetHeadersResponse" time="0.845" classname="com.GetMethodsRestAssured.qa.TestCase.GetMethodsRestAssuredTest"/>
  <testcase name="GetStringResponse" time="3.159" classname="com.GetMethodsRestAssured.qa.TestCase.GetMethodsRestAssuredTest"/>
</testsuite> <!-- com.GetMethodsRestAssured.qa.TestCase.GetMethodsRestAssuredTest -->
